<?xml version="1.0" encoding="UTF-8"?>
<testsuite xmlns:xsi="http://www.w3.org/2001/XMLSchema-instance" xsi:noNamespaceSchemaLocation="https://maven.apache.org/surefire/maven-surefire-plugin/xsd/surefire-test-report.xsd" name="com.luxiaobu.SpringbootSecurityApplicationTests" time="2.701" tests="1" errors="0" skipped="0" failures="0">
  <properties>
    <property name="sun.desktop" value="windows"/>
    <property name="awt.toolkit" value="sun.awt.windows.WToolkit"/>
    <property name="java.specification.version" value="11"/>
    <property name="sun.cpu.isalist" value="amd64"/>
    <property name="sun.jnu.encoding" value="GBK"/>
    <property name="java.class.path" value="D:\LWHPro\Java\test\springboot-security\target\test-classes;D:\LWHPro\Java\test\springboot-security\target\classes;D:\LWHPro\Java\apache-maven-3.8.4\respository\org\springframework\boot\spring-boot-starter-web\2.7.4\spring-boot-starter-web-2.7.4.jar;D:\LWHPro\Java\apache-maven-3.8.4\respository\org\springframework\boot\spring-boot-starter\2.7.4\spring-boot-starter-2.7.4.jar;D:\LWHPro\Java\apache-maven-3.8.4\respository\org\springframework\boot\spring-boot\2.7.4\spring-boot-2.7.4.jar;D:\LWHPro\Java\apache-maven-3.8.4\respository\org\springframework\boot\spring-boot-autoconfigure\2.7.4\spring-boot-autoconfigure-2.7.4.jar;D:\LWHPro\Java\apache-maven-3.8.4\respository\org\springframework\boot\spring-boot-starter-logging\2.7.4\spring-boot-starter-logging-2.7.4.jar;D:\LWHPro\Java\apache-maven-3.8.4\respository\ch\qos\logback\logback-classic\1.2.11\logback-classic-1.2.11.jar;D:\LWHPro\Java\apache-maven-3.8.4\respository\ch\qos\logback\logback-core\1.2.11\logback-core-1.2.11.jar;D:\LWHPro\Java\apache-maven-3.8.4\respository\org\apache\logging\log4j\log4j-to-slf4j\2.17.2\log4j-to-slf4j-2.17.2.jar;D:\LWHPro\Java\apache-maven-3.8.4\respository\org\apache\logging\log4j\log4j-api\2.17.2\log4j-api-2.17.2.jar;D:\LWHPro\Java\apache-maven-3.8.4\respository\org\slf4j\jul-to-slf4j\1.7.36\jul-to-slf4j-1.7.36.jar;D:\LWHPro\Java\apache-maven-3.8.4\respository\jakarta\annotation\jakarta.annotation-api\1.3.5\jakarta.annotation-api-1.3.5.jar;D:\LWHPro\Java\apache-maven-3.8.4\respository\org\yaml\snakeyaml\1.30\snakeyaml-1.30.jar;D:\LWHPro\Java\apache-maven-3.8.4\respository\org\springframework\boot\spring-boot-starter-json\2.7.4\spring-boot-starter-json-2.7.4.jar;D:\LWHPro\Java\apache-maven-3.8.4\respository\com\fasterxml\jackson\core\jackson-databind\2.13.4\jackson-databind-2.13.4.jar;D:\LWHPro\Java\apache-maven-3.8.4\respository\com\fasterxml\jackson\core\jackson-annotations\2.13.4\jackson-annotations-2.13.4.jar;D:\LWHPro\Java\apache-maven-3.8.4\respository\com\fasterxml\jackson\core\jackson-core\2.13.4\jackson-core-2.13.4.jar;D:\LWHPro\Java\apache-maven-3.8.4\respository\com\fasterxml\jackson\datatype\jackson-datatype-jdk8\2.13.4\jackson-datatype-jdk8-2.13.4.jar;D:\LWHPro\Java\apache-maven-3.8.4\respository\com\fasterxml\jackson\datatype\jackson-datatype-jsr310\2.13.4\jackson-datatype-jsr310-2.13.4.jar;D:\LWHPro\Java\apache-maven-3.8.4\respository\com\fasterxml\jackson\module\jackson-module-parameter-names\2.13.4\jackson-module-parameter-names-2.13.4.jar;D:\LWHPro\Java\apache-maven-3.8.4\respository\org\springframework\boot\spring-boot-starter-tomcat\2.7.4\spring-boot-starter-tomcat-2.7.4.jar;D:\LWHPro\Java\apache-maven-3.8.4\respository\org\apache\tomcat\embed\tomcat-embed-core\9.0.65\tomcat-embed-core-9.0.65.jar;D:\LWHPro\Java\apache-maven-3.8.4\respository\org\apache\tomcat\embed\tomcat-embed-el\9.0.65\tomcat-embed-el-9.0.65.jar;D:\LWHPro\Java\apache-maven-3.8.4\respository\org\apache\tomcat\embed\tomcat-embed-websocket\9.0.65\tomcat-embed-websocket-9.0.65.jar;D:\LWHPro\Java\apache-maven-3.8.4\respository\org\springframework\spring-web\5.3.23\spring-web-5.3.23.jar;D:\LWHPro\Java\apache-maven-3.8.4\respository\org\springframework\spring-beans\5.3.23\spring-beans-5.3.23.jar;D:\LWHPro\Java\apache-maven-3.8.4\respository\org\springframework\spring-webmvc\5.3.23\spring-webmvc-5.3.23.jar;D:\LWHPro\Java\apache-maven-3.8.4\respository\org\springframework\spring-aop\5.3.23\spring-aop-5.3.23.jar;D:\LWHPro\Java\apache-maven-3.8.4\respository\org\springframework\spring-context\5.3.23\spring-context-5.3.23.jar;D:\LWHPro\Java\apache-maven-3.8.4\respository\org\springframework\spring-expression\5.3.23\spring-expression-5.3.23.jar;D:\LWHPro\Java\apache-maven-3.8.4\respository\org\springframework\boot\spring-boot-starter-test\2.7.4\spring-boot-starter-test-2.7.4.jar;D:\LWHPro\Java\apache-maven-3.8.4\respository\org\springframework\boot\spring-boot-test\2.7.4\spring-boot-test-2.7.4.jar;D:\LWHPro\Java\apache-maven-3.8.4\respository\org\springframework\boot\spring-boot-test-autoconfigure\2.7.4\spring-boot-test-autoconfigure-2.7.4.jar;D:\LWHPro\Java\apache-maven-3.8.4\respository\com\jayway\jsonpath\json-path\2.7.0\json-path-2.7.0.jar;D:\LWHPro\Java\apache-maven-3.8.4\respository\net\minidev\json-smart\2.4.8\json-smart-2.4.8.jar;D:\LWHPro\Java\apache-maven-3.8.4\respository\net\minidev\accessors-smart\2.4.8\accessors-smart-2.4.8.jar;D:\LWHPro\Java\apache-maven-3.8.4\respository\org\ow2\asm\asm\9.1\asm-9.1.jar;D:\LWHPro\Java\apache-maven-3.8.4\respository\jakarta\xml\bind\jakarta.xml.bind-api\2.3.3\jakarta.xml.bind-api-2.3.3.jar;D:\LWHPro\Java\apache-maven-3.8.4\respository\jakarta\activation\jakarta.activation-api\1.2.2\jakarta.activation-api-1.2.2.jar;D:\LWHPro\Java\apache-maven-3.8.4\respository\org\assertj\assertj-core\3.22.0\assertj-core-3.22.0.jar;D:\LWHPro\Java\apache-maven-3.8.4\respository\org\hamcrest\hamcrest\2.2\hamcrest-2.2.jar;D:\LWHPro\Java\apache-maven-3.8.4\respository\org\junit\jupiter\junit-jupiter\5.8.2\junit-jupiter-5.8.2.jar;D:\LWHPro\Java\apache-maven-3.8.4\respository\org\junit\jupiter\junit-jupiter-api\5.8.2\junit-jupiter-api-5.8.2.jar;D:\LWHPro\Java\apache-maven-3.8.4\respository\org\opentest4j\opentest4j\1.2.0\opentest4j-1.2.0.jar;D:\LWHPro\Java\apache-maven-3.8.4\respository\org\junit\platform\junit-platform-commons\1.8.2\junit-platform-commons-1.8.2.jar;D:\LWHPro\Java\apache-maven-3.8.4\respository\org\apiguardian\apiguardian-api\1.1.2\apiguardian-api-1.1.2.jar;D:\LWHPro\Java\apache-maven-3.8.4\respository\org\junit\jupiter\junit-jupiter-params\5.8.2\junit-jupiter-params-5.8.2.jar;D:\LWHPro\Java\apache-maven-3.8.4\respository\org\junit\jupiter\junit-jupiter-engine\5.8.2\junit-jupiter-engine-5.8.2.jar;D:\LWHPro\Java\apache-maven-3.8.4\respository\org\junit\platform\junit-platform-engine\1.8.2\junit-platform-engine-1.8.2.jar;D:\LWHPro\Java\apache-maven-3.8.4\respository\org\mockito\mockito-core\4.5.1\mockito-core-4.5.1.jar;D:\LWHPro\Java\apache-maven-3.8.4\respository\net\bytebuddy\byte-buddy\1.12.17\byte-buddy-1.12.17.jar;D:\LWHPro\Java\apache-maven-3.8.4\respository\net\bytebuddy\byte-buddy-agent\1.12.17\byte-buddy-agent-1.12.17.jar;D:\LWHPro\Java\apache-maven-3.8.4\respository\org\objenesis\objenesis\3.2\objenesis-3.2.jar;D:\LWHPro\Java\apache-maven-3.8.4\respository\org\mockito\mockito-junit-jupiter\4.5.1\mockito-junit-jupiter-4.5.1.jar;D:\LWHPro\Java\apache-maven-3.8.4\respository\org\skyscreamer\jsonassert\1.5.1\jsonassert-1.5.1.jar;D:\LWHPro\Java\apache-maven-3.8.4\respository\com\vaadin\external\google\android-json\0.0.20131108.vaadin1\android-json-0.0.20131108.vaadin1.jar;D:\LWHPro\Java\apache-maven-3.8.4\respository\org\springframework\spring-core\5.3.23\spring-core-5.3.23.jar;D:\LWHPro\Java\apache-maven-3.8.4\respository\org\springframework\spring-jcl\5.3.23\spring-jcl-5.3.23.jar;D:\LWHPro\Java\apache-maven-3.8.4\respository\org\springframework\spring-test\5.3.23\spring-test-5.3.23.jar;D:\LWHPro\Java\apache-maven-3.8.4\respository\org\xmlunit\xmlunit-core\2.9.0\xmlunit-core-2.9.0.jar;D:\LWHPro\Java\apache-maven-3.8.4\respository\org\thymeleaf\thymeleaf-spring5\3.0.15.RELEASE\thymeleaf-spring5-3.0.15.RELEASE.jar;D:\LWHPro\Java\apache-maven-3.8.4\respository\org\thymeleaf\thymeleaf\3.0.15.RELEASE\thymeleaf-3.0.15.RELEASE.jar;D:\LWHPro\Java\apache-maven-3.8.4\respository\org\attoparser\attoparser\2.0.5.RELEASE\attoparser-2.0.5.RELEASE.jar;D:\LWHPro\Java\apache-maven-3.8.4\respository\org\unbescape\unbescape\1.1.6.RELEASE\unbescape-1.1.6.RELEASE.jar;D:\LWHPro\Java\apache-maven-3.8.4\respository\org\slf4j\slf4j-api\1.7.36\slf4j-api-1.7.36.jar;D:\LWHPro\Java\apache-maven-3.8.4\respository\org\thymeleaf\extras\thymeleaf-extras-java8time\3.0.4.RELEASE\thymeleaf-extras-java8time-3.0.4.RELEASE.jar;"/>
    <property name="java.vm.vendor" value="Oracle Corporation"/>
    <property name="sun.arch.data.model" value="64"/>
    <property name="user.variant" value=""/>
    <property name="java.vendor.url" value="https://openjdk.java.net/"/>
    <property name="user.timezone" value="Asia/Shanghai"/>
    <property name="java.vm.specification.version" value="11"/>
    <property name="os.name" value="Windows 10"/>
    <property name="sun.java.launcher" value="SUN_STANDARD"/>
    <property name="user.country" value="CN"/>
    <property name="sun.boot.library.path" value="D:\Java\bin"/>
    <property name="sun.java.command" value="C:\Users\lwh11\AppData\Local\Temp\surefire9261201854364801166\surefirebooter13481829193371868997.jar C:\Users\lwh11\AppData\Local\Temp\surefire9261201854364801166 2022-10-25T12-55-17_475-jvmRun1 surefire16455500705275931269tmp surefire_014798636865433414415tmp"/>
    <property name="jdk.debug" value="release"/>
    <property name="surefire.test.class.path" value="D:\LWHPro\Java\test\springboot-security\target\test-classes;D:\LWHPro\Java\test\springboot-security\target\classes;D:\LWHPro\Java\apache-maven-3.8.4\respository\org\springframework\boot\spring-boot-starter-web\2.7.4\spring-boot-starter-web-2.7.4.jar;D:\LWHPro\Java\apache-maven-3.8.4\respository\org\springframework\boot\spring-boot-starter\2.7.4\spring-boot-starter-2.7.4.jar;D:\LWHPro\Java\apache-maven-3.8.4\respository\org\springframework\boot\spring-boot\2.7.4\spring-boot-2.7.4.jar;D:\LWHPro\Java\apache-maven-3.8.4\respository\org\springframework\boot\spring-boot-autoconfigure\2.7.4\spring-boot-autoconfigure-2.7.4.jar;D:\LWHPro\Java\apache-maven-3.8.4\respository\org\springframework\boot\spring-boot-starter-logging\2.7.4\spring-boot-starter-logging-2.7.4.jar;D:\LWHPro\Java\apache-maven-3.8.4\respository\ch\qos\logback\logback-classic\1.2.11\logback-classic-1.2.11.jar;D:\LWHPro\Java\apache-maven-3.8.4\respository\ch\qos\logback\logback-core\1.2.11\logback-core-1.2.11.jar;D:\LWHPro\Java\apache-maven-3.8.4\respository\org\apache\logging\log4j\log4j-to-slf4j\2.17.2\log4j-to-slf4j-2.17.2.jar;D:\LWHPro\Java\apache-maven-3.8.4\respository\org\apache\logging\log4j\log4j-api\2.17.2\log4j-api-2.17.2.jar;D:\LWHPro\Java\apache-maven-3.8.4\respository\org\slf4j\jul-to-slf4j\1.7.36\jul-to-slf4j-1.7.36.jar;D:\LWHPro\Java\apache-maven-3.8.4\respository\jakarta\annotation\jakarta.annotation-api\1.3.5\jakarta.annotation-api-1.3.5.jar;D:\LWHPro\Java\apache-maven-3.8.4\respository\org\yaml\snakeyaml\1.30\snakeyaml-1.30.jar;D:\LWHPro\Java\apache-maven-3.8.4\respository\org\springframework\boot\spring-boot-starter-json\2.7.4\spring-boot-starter-json-2.7.4.jar;D:\LWHPro\Java\apache-maven-3.8.4\respository\com\fasterxml\jackson\core\jackson-databind\2.13.4\jackson-databind-2.13.4.jar;D:\LWHPro\Java\apache-maven-3.8.4\respository\com\fasterxml\jackson\core\jackson-annotations\2.13.4\jackson-annotations-2.13.4.jar;D:\LWHPro\Java\apache-maven-3.8.4\respository\com\fasterxml\jackson\core\jackson-core\2.13.4\jackson-core-2.13.4.jar;D:\LWHPro\Java\apache-maven-3.8.4\respository\com\fasterxml\jackson\datatype\jackson-datatype-jdk8\2.13.4\jackson-datatype-jdk8-2.13.4.jar;D:\LWHPro\Java\apache-maven-3.8.4\respository\com\fasterxml\jackson\datatype\jackson-datatype-jsr310\2.13.4\jackson-datatype-jsr310-2.13.4.jar;D:\LWHPro\Java\apache-maven-3.8.4\respository\com\fasterxml\jackson\module\jackson-module-parameter-names\2.13.4\jackson-module-parameter-names-2.13.4.jar;D:\LWHPro\Java\apache-maven-3.8.4\respository\org\springframework\boot\spring-boot-starter-tomcat\2.7.4\spring-boot-starter-tomcat-2.7.4.jar;D:\LWHPro\Java\apache-maven-3.8.4\respository\org\apache\tomcat\embed\tomcat-embed-core\9.0.65\tomcat-embed-core-9.0.65.jar;D:\LWHPro\Java\apache-maven-3.8.4\respository\org\apache\tomcat\embed\tomcat-embed-el\9.0.65\tomcat-embed-el-9.0.65.jar;D:\LWHPro\Java\apache-maven-3.8.4\respository\org\apache\tomcat\embed\tomcat-embed-websocket\9.0.65\tomcat-embed-websocket-9.0.65.jar;D:\LWHPro\Java\apache-maven-3.8.4\respository\org\springframework\spring-web\5.3.23\spring-web-5.3.23.jar;D:\LWHPro\Java\apache-maven-3.8.4\respository\org\springframework\spring-beans\5.3.23\spring-beans-5.3.23.jar;D:\LWHPro\Java\apache-maven-3.8.4\respository\org\springframework\spring-webmvc\5.3.23\spring-webmvc-5.3.23.jar;D:\LWHPro\Java\apache-maven-3.8.4\respository\org\springframework\spring-aop\5.3.23\spring-aop-5.3.23.jar;D:\LWHPro\Java\apache-maven-3.8.4\respository\org\springframework\spring-context\5.3.23\spring-context-5.3.23.jar;D:\LWHPro\Java\apache-maven-3.8.4\respository\org\springframework\spring-expression\5.3.23\spring-expression-5.3.23.jar;D:\LWHPro\Java\apache-maven-3.8.4\respository\org\springframework\boot\spring-boot-starter-test\2.7.4\spring-boot-starter-test-2.7.4.jar;D:\LWHPro\Java\apache-maven-3.8.4\respository\org\springframework\boot\spring-boot-test\2.7.4\spring-boot-test-2.7.4.jar;D:\LWHPro\Java\apache-maven-3.8.4\respository\org\springframework\boot\spring-boot-test-autoconfigure\2.7.4\spring-boot-test-autoconfigure-2.7.4.jar;D:\LWHPro\Java\apache-maven-3.8.4\respository\com\jayway\jsonpath\json-path\2.7.0\json-path-2.7.0.jar;D:\LWHPro\Java\apache-maven-3.8.4\respository\net\minidev\json-smart\2.4.8\json-smart-2.4.8.jar;D:\LWHPro\Java\apache-maven-3.8.4\respository\net\minidev\accessors-smart\2.4.8\accessors-smart-2.4.8.jar;D:\LWHPro\Java\apache-maven-3.8.4\respository\org\ow2\asm\asm\9.1\asm-9.1.jar;D:\LWHPro\Java\apache-maven-3.8.4\respository\jakarta\xml\bind\jakarta.xml.bind-api\2.3.3\jakarta.xml.bind-api-2.3.3.jar;D:\LWHPro\Java\apache-maven-3.8.4\respository\jakarta\activation\jakarta.activation-api\1.2.2\jakarta.activation-api-1.2.2.jar;D:\LWHPro\Java\apache-maven-3.8.4\respository\org\assertj\assertj-core\3.22.0\assertj-core-3.22.0.jar;D:\LWHPro\Java\apache-maven-3.8.4\respository\org\hamcrest\hamcrest\2.2\hamcrest-2.2.jar;D:\LWHPro\Java\apache-maven-3.8.4\respository\org\junit\jupiter\junit-jupiter\5.8.2\junit-jupiter-5.8.2.jar;D:\LWHPro\Java\apache-maven-3.8.4\respository\org\junit\jupiter\junit-jupiter-api\5.8.2\junit-jupiter-api-5.8.2.jar;D:\LWHPro\Java\apache-maven-3.8.4\respository\org\opentest4j\opentest4j\1.2.0\opentest4j-1.2.0.jar;D:\LWHPro\Java\apache-maven-3.8.4\respository\org\junit\platform\junit-platform-commons\1.8.2\junit-platform-commons-1.8.2.jar;D:\LWHPro\Java\apache-maven-3.8.4\respository\org\apiguardian\apiguardian-api\1.1.2\apiguardian-api-1.1.2.jar;D:\LWHPro\Java\apache-maven-3.8.4\respository\org\junit\jupiter\junit-jupiter-params\5.8.2\junit-jupiter-params-5.8.2.jar;D:\LWHPro\Java\apache-maven-3.8.4\respository\org\junit\jupiter\junit-jupiter-engine\5.8.2\junit-jupiter-engine-5.8.2.jar;D:\LWHPro\Java\apache-maven-3.8.4\respository\org\junit\platform\junit-platform-engine\1.8.2\junit-platform-engine-1.8.2.jar;D:\LWHPro\Java\apache-maven-3.8.4\respository\org\mockito\mockito-core\4.5.1\mockito-core-4.5.1.jar;D:\LWHPro\Java\apache-maven-3.8.4\respository\net\bytebuddy\byte-buddy\1.12.17\byte-buddy-1.12.17.jar;D:\LWHPro\Java\apache-maven-3.8.4\respository\net\bytebuddy\byte-buddy-agent\1.12.17\byte-buddy-agent-1.12.17.jar;D:\LWHPro\Java\apache-maven-3.8.4\respository\org\objenesis\objenesis\3.2\objenesis-3.2.jar;D:\LWHPro\Java\apache-maven-3.8.4\respository\org\mockito\mockito-junit-jupiter\4.5.1\mockito-junit-jupiter-4.5.1.jar;D:\LWHPro\Java\apache-maven-3.8.4\respository\org\skyscreamer\jsonassert\1.5.1\jsonassert-1.5.1.jar;D:\LWHPro\Java\apache-maven-3.8.4\respository\com\vaadin\external\google\android-json\0.0.20131108.vaadin1\android-json-0.0.20131108.vaadin1.jar;D:\LWHPro\Java\apache-maven-3.8.4\respository\org\springframework\spring-core\5.3.23\spring-core-5.3.23.jar;D:\LWHPro\Java\apache-maven-3.8.4\respository\org\springframework\spring-jcl\5.3.23\spring-jcl-5.3.23.jar;D:\LWHPro\Java\apache-maven-3.8.4\respository\org\springframework\spring-test\5.3.23\spring-test-5.3.23.jar;D:\LWHPro\Java\apache-maven-3.8.4\respository\org\xmlunit\xmlunit-core\2.9.0\xmlunit-core-2.9.0.jar;D:\LWHPro\Java\apache-maven-3.8.4\respository\org\thymeleaf\thymeleaf-spring5\3.0.15.RELEASE\thymeleaf-spring5-3.0.15.RELEASE.jar;D:\LWHPro\Java\apache-maven-3.8.4\respository\org\thymeleaf\thymeleaf\3.0.15.RELEASE\thymeleaf-3.0.15.RELEASE.jar;D:\LWHPro\Java\apache-maven-3.8.4\respository\org\attoparser\attoparser\2.0.5.RELEASE\attoparser-2.0.5.RELEASE.jar;D:\LWHPro\Java\apache-maven-3.8.4\respository\org\unbescape\unbescape\1.1.6.RELEASE\unbescape-1.1.6.RELEASE.jar;D:\LWHPro\Java\apache-maven-3.8.4\respository\org\slf4j\slf4j-api\1.7.36\slf4j-api-1.7.36.jar;D:\LWHPro\Java\apache-maven-3.8.4\respository\org\thymeleaf\extras\thymeleaf-extras-java8time\3.0.4.RELEASE\thymeleaf-extras-java8time-3.0.4.RELEASE.jar;"/>
    <property name="sun.cpu.endian" value="little"/>
    <property name="user.home" value="C:\Users\lwh11"/>
    <property name="user.language" value="zh"/>
    <property name="java.specification.vendor" value="Oracle Corporation"/>
    <property name="java.version.date" value="2021-04-20"/>
    <property name="java.home" value="D:\Java"/>
    <property name="file.separator" value="\"/>
    <property name="basedir" value="D:\LWHPro\Java\test\springboot-security"/>
    <property name="java.vm.compressedOopsMode" value="Zero based"/>
    <property name="line.separator" value="&#10;"/>
    <property name="java.specification.name" value="Java Platform API Specification"/>
    <property name="java.vm.specification.vendor" value="Oracle Corporation"/>
    <property name="java.awt.graphicsenv" value="sun.awt.Win32GraphicsEnvironment"/>
    <property name="surefire.real.class.path" value="C:\Users\lwh11\AppData\Local\Temp\surefire9261201854364801166\surefirebooter13481829193371868997.jar"/>
    <property name="user.script" value=""/>
    <property name="sun.management.compiler" value="HotSpot 64-Bit Tiered Compilers"/>
    <property name="java.runtime.version" value="11.0.11+9-LTS-194"/>
    <property name="user.name" value="lwh11"/>
    <property name="path.separator" value=";"/>
    <property name="os.version" value="10.0"/>
    <property name="java.runtime.name" value="Java(TM) SE Runtime Environment"/>
    <property name="file.encoding" value="GBK"/>
    <property name="java.vm.name" value="Java HotSpot(TM) 64-Bit Server VM"/>
    <property name="java.vendor.version" value="18.9"/>
    <property name="localRepository" value="D:\LWHPro\Java\apache-maven-3.8.4\respository"/>
    <property name="java.vendor.url.bug" value="https://bugreport.java.com/bugreport/"/>
    <property name="java.io.tmpdir" value="C:\Users\lwh11\AppData\Local\Temp\"/>
    <property name="idea.version" value="2020.3.2"/>
    <property name="java.version" value="11.0.11"/>
    <property name="user.dir" value="D:\LWHPro\Java\test\springboot-security"/>
    <property name="os.arch" value="amd64"/>
    <property name="java.vm.specification.name" value="Java Virtual Machine Specification"/>
    <property name="java.awt.printerjob" value="sun.awt.windows.WPrinterJob"/>
    <property name="sun.os.patch.level" value=""/>
    <property name="java.library.path" value="D:\Java\bin;C:\Windows\Sun\Java\bin;C:\Windows\system32;C:\Windows;C:\Program Files\Common Files\Oracle\Java\javapath;D:\Python\Scripts\;D:\Python\;C:\Windows\system32;C:\Windows;C:\Windows\System32\Wbem;C:\Windows\System32\WindowsPowerShell\v1.0\;C:\Windows\System32\OpenSSH\;C:\Program Files\NVIDIA Corporation\NVIDIA NvDLISR;C:\Program Files (x86)\NVIDIA Corporation\PhysX\Common;D:\LWHPython\venv\Lib\site-packages\django\bin;D:\Anaconda;D:\Anaconda\Library\mingw-w64\bin;D:\Anaconda\Library\usr\bin;D:\Anaconda\Library\bin;D:\Anaconda\Scripts;%JAVA_HOME\bin%;%JAVA_HOME\jre\bin%;D:\LWHPro\Java\apache-maven-3.8.4\bin;D:\xshell\;D:\xshell\xftp\;D:\WeChatApp\微信web开发者工具\dll;D:\LWHPro\Node14\;C:\Users\lwh11\AppData\Local\Microsoft\WindowsApps;D:\Java\bin;D:\IDEA\IntelliJ IDEA 2020.3.2\bin;D:\WebStorm\WebStorm 2020.3.3\bin;D:\VSCode\Microsoft VS Code\bin;C:\Users\lwh11\AppData\Local\JetBrains\Toolbox\scripts;C:\Users\lwh11\AppData\Roaming\npm;."/>
    <property name="java.vendor" value="Oracle Corporation"/>
    <property name="java.vm.info" value="mixed mode"/>
    <property name="java.vm.version" value="11.0.11+9-LTS-194"/>
    <property name="sun.io.unicode.encoding" value="UnicodeLittle"/>
    <property name="maven.repo.local" value="D:\LWHPro\Java\apache-maven-3.8.4\respository"/>
    <property name="java.class.version" value="55.0"/>
  </properties>
  <testcase name="contextLoads" classname="com.luxiaobu.SpringbootSecurityApplicationTests" time="0.372"/>
</testsuite>